TN:
SF:src/core/KingImmutable.sol
DA:42,220
FN:42,KingImmutable.constructor
FNDA:220,KingImmutable.constructor
DA:44,220
BRDA:44,0,0,1
DA:45,1
DA:49,219
DA:52,219
DA:58,3
FN:58,KingImmutable.onlyKing
FNDA:3,KingImmutable.onlyKing
DA:60,3
BRDA:60,1,0,1
DA:68,2
FN:68,KingImmutable.currentKing
FNDA:2,KingImmutable.currentKing
DA:70,2
DA:77,3
FN:77,KingImmutable.isKing
FNDA:3,KingImmutable.isKing
DA:79,2
FNF:4
FNH:4
LF:11
LH:11
BRF:2
BRH:2
end_of_record
TN:
SF:src/core/Kingable.sol
DA:55,224
FN:55,Kingable.constructor
FNDA:224,Kingable.constructor
DA:57,224
BRDA:57,0,0,2
DA:58,2
DA:62,222
DA:65,222
DA:71,226
FN:71,Kingable.onlyKing
FNDA:226,Kingable.onlyKing
DA:73,226
BRDA:73,1,0,4
DA:82,222
FN:82,Kingable._transferKingshipTo
FNDA:222,Kingable._transferKingshipTo
DA:84,222
DA:87,222
BRDA:87,2,0,2
DA:90,220
BRDA:90,3,0,3
DA:91,3
DA:95,217
DA:98,217
DA:102,3
FN:102,Kingable._renounceKingship
FNDA:3,Kingable._renounceKingship
DA:104,3
DA:107,3
DA:110,3
DA:118,226
FN:118,Kingable.transferKingshipTo
FNDA:226,Kingable.transferKingshipTo
DA:119,222
DA:123,119
FN:123,Kingable.renounceKingship
FNDA:119,Kingable.renounceKingship
DA:124,3
DA:131,228
FN:131,Kingable.currentKing
FNDA:228,Kingable.currentKing
DA:133,228
DA:138,118
FN:138,Kingable.isKing
FNDA:118,Kingable.isKing
DA:140,118
FNF:8
FNH:8
LF:26
LH:26
BRF:4
BRH:4
end_of_record
TN:
SF:src/extensions/KingPausable.sol
DA:71,224
FN:71,KingPausable.constructor
FNDA:224,KingPausable.constructor
DA:73,224
BRDA:73,0,0,2
DA:74,2
DA:78,222
DA:81,222
DA:84,222
DA:90,240
FN:90,KingPausable.onlyKing
FNDA:240,KingPausable.onlyKing
DA:92,240
BRDA:92,1,0,116
DA:98,232
FN:98,KingPausable.whenActive
FNDA:232,KingPausable.whenActive
DA:100,232
BRDA:100,2,0,116
DA:101,116
DA:108,4
FN:108,KingPausable._activate
FNDA:4,KingPausable._activate
DA:110,2
BRDA:110,3,0,2
DA:111,2
DA:115,2
DA:118,2
DA:122,124
FN:122,KingPausable._pause
FNDA:124,KingPausable._pause
DA:124,124
BRDA:124,4,0,2
DA:125,2
DA:129,122
DA:132,122
DA:138,120
FN:138,KingPausable.activateContract
FNDA:120,KingPausable.activateContract
DA:140,4
DA:144,240
FN:144,KingPausable.pauseContract
FNDA:240,KingPausable.pauseContract
DA:146,124
DA:153,232
FN:153,KingPausable.isContractActive
FNDA:232,KingPausable.isContractActive
DA:155,116
DA:160,4
FN:160,KingPausable.currentKing
FNDA:4,KingPausable.currentKing
DA:162,4
DA:167,118
FN:167,KingPausable.isKing
FNDA:118,KingPausable.isKing
DA:169,118
FNF:10
FNH:10
LF:31
LH:31
BRF:5
BRH:5
end_of_record
TN:
SF:src/extensions/KingableContracts.sol
DA:56,224
FN:56,KingableContracts.constructor
FNDA:224,KingableContracts.constructor
DA:58,224
BRDA:58,0,0,4
DA:59,4
DA:63,220
DA:66,220
DA:72,224
FN:72,KingableContracts.onlyKing
FNDA:224,KingableContracts.onlyKing
DA:74,224
BRDA:74,1,0,4
DA:83,220
FN:83,KingableContracts._transferKingshipTo
FNDA:220,KingableContracts._transferKingshipTo
DA:85,220
DA:88,220
BRDA:88,2,0,2
DA:91,218
BRDA:91,3,0,116
DA:92,116
DA:96,102
DA:99,102
DA:103,4
FN:103,KingableContracts._renounceKingship
FNDA:4,KingableContracts._renounceKingship
DA:105,4
DA:108,4
DA:111,4
DA:119,224
FN:119,KingableContracts.transferKingshipTo
FNDA:224,KingableContracts.transferKingshipTo
DA:120,220
DA:124,121
FN:124,KingableContracts.renounceKingship
FNDA:121,KingableContracts.renounceKingship
DA:125,4
DA:132,110
FN:132,KingableContracts.currentKing
FNDA:110,KingableContracts.currentKing
DA:134,110
DA:139,232
FN:139,KingableContracts.isKing
FNDA:232,KingableContracts.isKing
DA:141,232
FNF:8
FNH:8
LF:26
LH:26
BRF:4
BRH:4
end_of_record
TN:
SF:src/extensions/KingableEOAs.sol
DA:56,224
FN:56,KingableEOAs.constructor
FNDA:224,KingableEOAs.constructor
DA:58,224
BRDA:58,0,0,4
DA:59,4
DA:63,220
DA:66,220
DA:72,124
FN:72,KingableEOAs.onlyKing
FNDA:124,KingableEOAs.onlyKing
DA:74,124
BRDA:74,1,0,4
DA:82,120
FN:82,KingableEOAs._transferKingshipTo
FNDA:120,KingableEOAs._transferKingshipTo
DA:84,120
DA:87,120
BRDA:87,2,0,2
DA:90,118
BRDA:90,3,0,2
DA:91,2
DA:95,116
DA:98,116
DA:102,4
FN:102,KingableEOAs._renounceKingship
FNDA:4,KingableEOAs._renounceKingship
DA:104,4
DA:107,4
DA:110,4
DA:117,124
FN:117,KingableEOAs.transferKingshipTo
FNDA:124,KingableEOAs.transferKingshipTo
DA:119,120
DA:123,121
FN:123,KingableEOAs.renounceKingship
FNDA:121,KingableEOAs.renounceKingship
DA:125,4
DA:132,126
FN:132,KingableEOAs.currentKing
FNDA:126,KingableEOAs.currentKing
DA:134,126
DA:139,232
FN:139,KingableEOAs.isKing
FNDA:232,KingableEOAs.isKing
DA:141,232
FNF:8
FNH:8
LF:26
LH:26
BRF:4
BRH:4
end_of_record
TN:
SF:src/extensions/KingablePausable.sol
DA:82,224
FN:82,KingablePausable.constructor
FNDA:224,KingablePausable.constructor
DA:84,224
BRDA:84,0,0,2
DA:85,2
DA:89,222
DA:92,222
DA:95,222
DA:101,240
FN:101,KingablePausable.onlyKing
FNDA:240,KingablePausable.onlyKing
DA:103,240
BRDA:103,1,0,116
DA:109,232
FN:109,KingablePausable.whenActive
FNDA:232,KingablePausable.whenActive
DA:111,232
BRDA:111,2,0,116
DA:112,116
DA:121,222
FN:121,KingablePausable._transferKingshipTo
FNDA:222,KingablePausable._transferKingshipTo
DA:123,222
DA:126,222
BRDA:126,3,0,2
DA:129,220
BRDA:129,4,0,2
DA:130,2
DA:134,218
DA:137,218
DA:141,3
FN:141,KingablePausable._renounceKingship
FNDA:3,KingablePausable._renounceKingship
DA:143,3
DA:146,3
DA:149,3
DA:153,4
FN:153,KingablePausable._activate
FNDA:4,KingablePausable._activate
DA:155,2
BRDA:155,5,0,2
DA:156,2
DA:160,2
DA:163,2
DA:167,124
FN:167,KingablePausable._pause
FNDA:124,KingablePausable._pause
DA:169,124
BRDA:169,6,0,2
DA:170,2
DA:174,122
DA:177,122
DA:184,226
FN:184,KingablePausable.transferKingshipTo
FNDA:226,KingablePausable.transferKingshipTo
DA:186,222
DA:190,119
FN:190,KingablePausable.renounceKingship
FNDA:119,KingablePausable.renounceKingship
DA:192,3
DA:196,120
FN:196,KingablePausable.activateContract
FNDA:120,KingablePausable.activateContract
DA:198,4
DA:202,240
FN:202,KingablePausable.pauseContract
FNDA:240,KingablePausable.pauseContract
DA:204,124
DA:211,227
FN:211,KingablePausable.currentKing
FNDA:227,KingablePausable.currentKing
DA:213,227
DA:218,118
FN:218,KingablePausable.isKing
FNDA:118,KingablePausable.isKing
DA:220,118
DA:226,232
FN:226,KingablePausable.isContractActive
FNDA:232,KingablePausable.isContractActive
DA:228,116
FNF:14
FNH:14
LF:46
LH:46
BRF:7
BRH:7
end_of_record
TN:
SF:src/guards/KingClaimMistakenETH.sol
DA:66,578
FN:66,KingClaimMistakenETH._depositETH
FNDA:578,KingClaimMistakenETH._depositETH
DA:68,578
BRDA:68,0,0,232
DA:69,232
DA:74,346
DA:77,346
DA:80,346
DA:84,346
DA:90,454
FN:90,KingClaimMistakenETH._claimETH
FNDA:454,KingClaimMistakenETH._claimETH
DA:92,454
BRDA:92,1,0,103
DA:93,103
DA:97,351
DA:100,351
BRDA:100,2,0,116
DA:101,116
DA:106,235
DA:110,235
DA:113,235
DA:114,235
BRDA:114,3,0,2
DA:115,2
DA:119,233
DA:124,236
FN:124,KingClaimMistakenETH.claimMistakenETH
FNDA:236,KingClaimMistakenETH.claimMistakenETH
DA:126,236
DA:131,218
FN:131,KingClaimMistakenETH.claimMistakenETHTo
FNDA:218,KingClaimMistakenETH.claimMistakenETHTo
DA:133,218
DA:139,2
FN:139,KingClaimMistakenETH.myMistakenETHBalance
FNDA:2,KingClaimMistakenETH.myMistakenETHBalance
DA:140,2
DA:145,330
FN:145,KingClaimMistakenETH.userMistakenETHBalance
FNDA:330,KingClaimMistakenETH.userMistakenETHBalance
DA:146,330
DA:151,674
FN:151,KingClaimMistakenETH.totalMistakenETH
FNDA:674,KingClaimMistakenETH.totalMistakenETH
DA:152,674
DA:157,2
FN:157,KingClaimMistakenETH.totalRecordedMistakenETH
FNDA:2,KingClaimMistakenETH.totalRecordedMistakenETH
DA:158,2
DA:163,460
FN:163,KingClaimMistakenETH.receive
FNDA:460,KingClaimMistakenETH.receive
DA:165,460
DA:169,118
FN:169,KingClaimMistakenETH.fallback
FNDA:118,KingClaimMistakenETH.fallback
DA:171,118
FNF:10
FNH:10
LF:35
LH:35
BRF:4
BRH:4
end_of_record
TN:
SF:src/guards/KingRejectETH.sol
DA:18,5
FN:18,KingRejectETH.receive
FNDA:5,KingRejectETH.receive
DA:19,5
DA:23,1
FN:23,KingRejectETH.fallback
FNDA:1,KingRejectETH.fallback
DA:24,1
FNF:2
FNH:2
LF:4
LH:4
BRF:0
BRH:0
end_of_record
TN:
SF:src/security/KingReentrancyGuard.sol
DA:26,454
FN:26,KingReentrancyGuard.nonReentrant
FNDA:454,KingReentrancyGuard.nonReentrant
DA:28,0
BRDA:28,0,0,-
DA:29,0
DA:33,454
DA:37,233
FNF:1
FNH:1
LF:5
LH:3
BRF:1
BRH:0
end_of_record
TN:
SF:src/utils/KingReentrancyAttacker.sol
DA:97,5
FN:97,KingReentrancyAttacker.onlyAttacker
FNDA:5,KingReentrancyAttacker.onlyAttacker
DA:99,5
BRDA:99,0,0,1
DA:100,1
DA:109,220
FN:109,KingReentrancyAttacker.constructor
FNDA:220,KingReentrancyAttacker.constructor
DA:111,220
BRDA:111,1,0,1
DA:112,1
DA:116,219
BRDA:116,2,0,1
DA:117,1
DA:121,218
DA:124,218
DA:127,218
DA:138,13
FN:138,KingReentrancyAttacker.fundAndAttack
FNDA:13,KingReentrancyAttacker.fundAndAttack
DA:140,13
BRDA:140,3,0,2
DA:141,2
DA:145,11
DA:148,11
DA:151,11
DA:154,11
DA:157,11
DA:161,1
FN:161,KingReentrancyAttacker.stopAttack
FNDA:1,KingReentrancyAttacker.stopAttack
DA:163,1
DA:166,1
DA:172,5
FN:172,KingReentrancyAttacker.withdrawETH
FNDA:5,KingReentrancyAttacker.withdrawETH
DA:174,4
BRDA:174,4,0,2
DA:175,2
DA:179,2
DA:180,2
BRDA:180,5,0,1
DA:181,1
DA:185,1
DA:191,6
FN:191,KingReentrancyAttacker.contractBalance
FNDA:6,KingReentrancyAttacker.contractBalance
DA:192,6
DA:197,1
FN:197,KingReentrancyAttacker.targetContract
FNDA:1,KingReentrancyAttacker.targetContract
DA:198,1
DA:203,1
FN:203,KingReentrancyAttacker.attackRounds
FNDA:1,KingReentrancyAttacker.attackRounds
DA:204,1
DA:209,1
FN:209,KingReentrancyAttacker.maximumReentrancy
FNDA:1,KingReentrancyAttacker.maximumReentrancy
DA:210,1
DA:215,1
FN:215,KingReentrancyAttacker.attacker
FNDA:1,KingReentrancyAttacker.attacker
DA:216,1
DA:221,501
FN:221,KingReentrancyAttacker.receive
FNDA:501,KingReentrancyAttacker.receive
DA:223,501
DA:226,501
BRDA:226,6,0,1
DA:228,1
DA:231,1
DA:233,1
DA:238,500
DA:242,500
BRDA:242,7,0,10
DA:244,10
DA:247,10
DA:249,10
DA:253,490
DA:256,490
DA:259,490
FNF:11
FNH:11
LF:53
LH:53
BRF:8
BRH:8
end_of_record
TN:
SF:src/utils/KingVulnerableContract.sol
DA:55,218
FN:55,KingVulnerableContract.constructor
FNDA:218,KingVulnerableContract.constructor
DA:56,218
DA:61,14
FN:61,KingVulnerableContract._deposit
FNDA:14,KingVulnerableContract._deposit
DA:63,14
BRDA:63,0,0,-
DA:64,0
DA:68,14
DA:71,14
DA:76,13
FN:76,KingVulnerableContract.depositETH
FNDA:13,KingVulnerableContract.depositETH
DA:78,13
DA:83,503
FN:83,KingVulnerableContract.withdrawETH
FNDA:503,KingVulnerableContract.withdrawETH
DA:85,503
BRDA:85,1,0,1
DA:86,1
DA:90,502
DA:91,502
BRDA:91,2,0,1
DA:92,1
DA:96,501
DA:103,3
FN:103,KingVulnerableContract.contractBalance
FNDA:3,KingVulnerableContract.contractBalance
DA:104,3
DA:109,2
FN:109,KingVulnerableContract.myBalance
FNDA:2,KingVulnerableContract.myBalance
DA:110,2
DA:115,1
FN:115,KingVulnerableContract.owner
FNDA:1,KingVulnerableContract.owner
DA:116,1
DA:122,1
FN:122,KingVulnerableContract.receive
FNDA:1,KingVulnerableContract.receive
DA:124,1
DA:128,490
FN:128,KingVulnerableContract.fallback
FNDA:490,KingVulnerableContract.fallback
DA:130,490
FNF:9
FNH:9
LF:26
LH:25
BRF:3
BRH:2
end_of_record
TN:
SF:test/unit/BaseTest.t.sol
DA:75,218
FN:75,BaseTest.setUp
FNDA:218,BaseTest.setUp
DA:77,218
DA:80,218
DA:83,218
DA:86,218
DA:89,218
DA:92,218
DA:95,218
DA:98,218
DA:101,218
DA:104,218
DA:107,218
DA:110,218
DA:113,218
DA:114,218
DA:115,218
DA:116,218
DA:117,218
DA:118,218
DA:121,218
DA:122,218
DA:123,218
FNF:1
FNH:1
LF:22
LH:22
BRF:0
BRH:0
end_of_record
